<?xml version="1.0" encoding="UTF-8"?>
<testng-results skipped="0" failed="0" ignored="0" total="1" passed="1">
  <reporter-output>
  </reporter-output>
  <suite name="Default suite" duration-ms="35354" started-at="2018-12-25T05:22:17Z" finished-at="2018-12-25T05:22:52Z">
    <groups>
    </groups>
    <test name="Default test" duration-ms="35354" started-at="2018-12-25T05:22:17Z" finished-at="2018-12-25T05:22:52Z">
      <class name="Test.LoginTest">
        <test-method status="PASS" signature="testLogin()[pri:0, instance:Test.LoginTest@10bdf5e5]" name="testLogin" duration-ms="35237" started-at="2018-12-25T05:22:17Z" finished-at="2018-12-25T05:22:52Z">
          <reporter-output>
          </reporter-output>
        </test-method> <!-- testLogin -->
      </class> <!-- Test.LoginTest -->
    </test> <!-- Default test -->
  </suite> <!-- Default suite -->
</testng-results>
